INFO [2017-04-25 14:15:20] [[1]]
INFO [2017-04-25 14:15:20] list(`Repertoire 1` = cdr3_lengths, `Repertoire 2` = nchar(cdr3_sequences))
INFO [2017-04-25 14:15:20] 
INFO [2017-04-25 14:15:20] $filename
INFO [2017-04-25 14:15:20] NULL
INFO [2017-04-25 14:15:20] 
INFO [2017-04-25 14:15:20] $print.mode
INFO [2017-04-25 14:15:20] [1] "raw"
INFO [2017-04-25 14:15:20] 
INFO [2017-04-25 14:15:20] $fill
INFO [2017-04-25 14:15:20] c("blue", "orange")
INFO [2017-04-25 14:15:20] 
INFO [2017-04-25 14:15:20] $cex
INFO [2017-04-25 14:15:20] [1] 1
INFO [2017-04-25 14:15:20] 
INFO [2017-04-25 14:15:20] $fontfamily
INFO [2017-04-25 14:15:20] [1] "sans"
INFO [2017-04-25 14:15:20] 
INFO [2017-04-25 14:15:20] $cat.cex
INFO [2017-04-25 14:15:20] [1] 1
INFO [2017-04-25 14:15:20] 
INFO [2017-04-25 14:15:20] $cat.dist
INFO [2017-04-25 14:15:20] c(0.1, 0.1)
INFO [2017-04-25 14:15:20] 
INFO [2017-04-25 14:15:20] $cat.fontface
INFO [2017-04-25 14:15:20] [1] "bold"
INFO [2017-04-25 14:15:20] 
INFO [2017-04-25 14:15:20] $cat.fontfamily
INFO [2017-04-25 14:15:20] [1] "sans"
INFO [2017-04-25 14:15:20] 
INFO [2017-04-25 14:15:20] $margin
INFO [2017-04-25 14:15:20] [1] 0.1
INFO [2017-04-25 14:15:20] 
