INFO [2017-04-26 09:51:22] [[1]]
INFO [2017-04-26 09:51:22] list(`Repertoire 1` = cdr3_lengths, `Repertoire 2` = nchar(cdr3_sequences))
INFO [2017-04-26 09:51:22] 
INFO [2017-04-26 09:51:22] $filename
INFO [2017-04-26 09:51:22] NULL
INFO [2017-04-26 09:51:22] 
INFO [2017-04-26 09:51:22] $print.mode
INFO [2017-04-26 09:51:22] [1] "raw"
INFO [2017-04-26 09:51:22] 
INFO [2017-04-26 09:51:22] $fill
INFO [2017-04-26 09:51:22] c("blue", "orange")
INFO [2017-04-26 09:51:22] 
INFO [2017-04-26 09:51:22] $cex
INFO [2017-04-26 09:51:22] [1] 1
INFO [2017-04-26 09:51:22] 
INFO [2017-04-26 09:51:22] $fontfamily
INFO [2017-04-26 09:51:22] [1] "sans"
INFO [2017-04-26 09:51:22] 
INFO [2017-04-26 09:51:22] $cat.cex
INFO [2017-04-26 09:51:22] [1] 1
INFO [2017-04-26 09:51:22] 
INFO [2017-04-26 09:51:22] $cat.dist
INFO [2017-04-26 09:51:22] c(0.1, 0.1)
INFO [2017-04-26 09:51:22] 
INFO [2017-04-26 09:51:22] $cat.fontface
INFO [2017-04-26 09:51:22] [1] "bold"
INFO [2017-04-26 09:51:22] 
INFO [2017-04-26 09:51:22] $cat.fontfamily
INFO [2017-04-26 09:51:22] [1] "sans"
INFO [2017-04-26 09:51:22] 
INFO [2017-04-26 09:51:22] $margin
INFO [2017-04-26 09:51:22] [1] 0.1
INFO [2017-04-26 09:51:22] 
