INFO [2017-04-11 17:06:19] [[1]]
INFO [2017-04-11 17:06:19] list(`Repertoire 1` = cdr3_lengths, `Repertoire 2` = nchar(cdr3_sequences))
INFO [2017-04-11 17:06:19] 
INFO [2017-04-11 17:06:19] $filename
INFO [2017-04-11 17:06:19] NULL
INFO [2017-04-11 17:06:19] 
INFO [2017-04-11 17:06:19] $print.mode
INFO [2017-04-11 17:06:19] [1] "raw"
INFO [2017-04-11 17:06:19] 
INFO [2017-04-11 17:06:19] $fill
INFO [2017-04-11 17:06:19] c("blue", "orange")
INFO [2017-04-11 17:06:19] 
INFO [2017-04-11 17:06:19] $cex
INFO [2017-04-11 17:06:19] [1] 1
INFO [2017-04-11 17:06:19] 
INFO [2017-04-11 17:06:19] $fontfamily
INFO [2017-04-11 17:06:19] [1] "sans"
INFO [2017-04-11 17:06:19] 
INFO [2017-04-11 17:06:19] $cat.cex
INFO [2017-04-11 17:06:19] [1] 1
INFO [2017-04-11 17:06:19] 
INFO [2017-04-11 17:06:19] $cat.dist
INFO [2017-04-11 17:06:19] c(0.1, 0.1)
INFO [2017-04-11 17:06:19] 
INFO [2017-04-11 17:06:19] $cat.fontface
INFO [2017-04-11 17:06:19] [1] "bold"
INFO [2017-04-11 17:06:19] 
INFO [2017-04-11 17:06:19] $cat.fontfamily
INFO [2017-04-11 17:06:19] [1] "sans"
INFO [2017-04-11 17:06:19] 
INFO [2017-04-11 17:06:19] $margin
INFO [2017-04-11 17:06:19] [1] 0.1
INFO [2017-04-11 17:06:19] 
